2025-06-23 10:17:39 - app - INFO - تم إعداد نظام السجلات - المستوى: DEBUG
2025-06-23 10:19:35 - app - INFO - تم إعداد نظام السجلات - المستوى: DEBUG
2025-06-23 10:20:00 - app - INFO - تم إعداد نظام السجلات - المستوى: DEBUG
2025-06-23 10:42:00 - app - INFO - تم إعداد نظام السجلات - المستوى: DEBUG
2025-06-23 10:43:55 - app - INFO - تم إعداد نظام السجلات - المستوى: DEBUG
2025-06-23 10:44:05 - app - INFO - تم إعداد نظام السجلات - المستوى: DEBUG
2025-06-23 10:45:28 - app - INFO - تم إعداد نظام السجلات - المستوى: DEBUG
2025-06-23 10:51:50 - app - INFO - تم إعداد نظام السجلات - المستوى: DEBUG
2025-06-23 10:54:46 - app - INFO - تم إعداد نظام السجلات - المستوى: DEBUG
2025-06-23 11:00:08 - app - INFO - تم إعداد نظام السجلات - المستوى: DEBUG
2025-06-23 11:05:20 - app - INFO - تم إعداد نظام السجلات - المستوى: DEBUG
2025-06-23 11:06:11 - app - INFO - تم إعداد نظام السجلات - المستوى: DEBUG
2025-06-23 11:09:21 - app - INFO - تم إعداد نظام السجلات - المستوى: DEBUG
2025-06-23 11:09:21 - app - INFO - تم بدء Google Ads AI Platform v1.0.0
2025-06-23 11:09:21 - app - INFO - البيئة: development
2025-06-23 11:09:21 - app - INFO - المنفذ: 5000
2025-06-23 11:09:22 - app - INFO - تم إعداد نظام السجلات - المستوى: DEBUG
2025-06-23 11:09:22 - app - INFO - تم بدء Google Ads AI Platform v1.0.0
2025-06-23 11:09:22 - app - INFO - البيئة: development
2025-06-23 11:09:22 - app - INFO - المنفذ: 5000
2025-06-23 11:11:53 - app - INFO - طلب جديد: GET / من 127.0.0.1
2025-06-23 11:11:53 - app - INFO - استجابة: 200 في 0.001s
2025-06-23 11:11:53 - app - INFO - طلب جديد: GET /favicon.ico من 127.0.0.1
2025-06-23 11:11:53 - app - INFO - استجابة: 404 في 0.001s
2025-06-23 11:12:04 - app - INFO - طلب جديد: GET /api/health من 127.0.0.1
2025-06-23 11:12:05 - app - INFO - استجابة: 200 في 1.058s
2025-06-23 11:12:15 - app - INFO - طلب جديد: GET / من 127.0.0.1
2025-06-23 11:12:15 - app - INFO - استجابة: 200 في 0.000s
2025-06-23 11:12:15 - app - INFO - طلب جديد: GET /favicon.ico من 127.0.0.1
2025-06-23 11:12:15 - app - INFO - استجابة: 404 في 0.001s
2025-06-23 11:52:15 - app - INFO - تم إعداد نظام السجلات - المستوى: DEBUG
2025-06-23 11:52:15 - app - INFO - تم بدء Google Ads AI Platform v1.0.0
2025-06-23 11:52:15 - app - INFO - البيئة: development
2025-06-23 11:52:15 - app - INFO - المنفذ: 5000
2025-06-23 11:52:16 - app - INFO - تم إعداد نظام السجلات - المستوى: DEBUG
2025-06-23 11:52:17 - app - INFO - تم بدء Google Ads AI Platform v1.0.0
2025-06-23 11:52:17 - app - INFO - البيئة: development
2025-06-23 11:52:17 - app - INFO - المنفذ: 5000
2025-06-23 11:52:42 - app - INFO - تم إعداد نظام السجلات - المستوى: DEBUG
2025-06-23 11:52:43 - app - INFO - تم بدء Google Ads AI Platform v1.0.0
2025-06-23 11:52:43 - app - INFO - البيئة: development
2025-06-23 11:52:43 - app - INFO - المنفذ: 5000
2025-06-23 11:56:29 - app - INFO - تم إعداد نظام السجلات - المستوى: DEBUG
2025-06-23 11:56:29 - app - INFO - تم بدء Google Ads AI Platform v1.0.0
2025-06-23 11:56:29 - app - INFO - البيئة: development
2025-06-23 11:56:29 - app - INFO - المنفذ: 5000
2025-06-23 11:56:32 - app - INFO - تم إعداد نظام السجلات - المستوى: DEBUG
2025-06-23 11:56:33 - app - INFO - تم بدء Google Ads AI Platform v1.0.0
2025-06-23 11:56:33 - app - INFO - البيئة: development
2025-06-23 11:56:33 - app - INFO - المنفذ: 5000
2025-06-23 11:59:01 - app - INFO - تم إعداد نظام السجلات - المستوى: DEBUG
2025-06-23 11:59:02 - app - INFO - تم بدء Google Ads AI Platform v1.0.0
2025-06-23 11:59:02 - app - INFO - البيئة: development
2025-06-23 11:59:02 - app - INFO - المنفذ: 5000
2025-06-23 11:59:03 - app - INFO - تم إعداد نظام السجلات - المستوى: DEBUG
2025-06-23 11:59:03 - app - INFO - تم بدء Google Ads AI Platform v1.0.0
2025-06-23 11:59:03 - app - INFO - البيئة: development
2025-06-23 11:59:03 - app - INFO - المنفذ: 5000
2025-06-23 11:59:19 - app - INFO - تم إعداد نظام السجلات - المستوى: DEBUG
2025-06-23 11:59:19 - app - INFO - تم بدء Google Ads AI Platform v1.0.0
2025-06-23 11:59:19 - app - INFO - البيئة: development
2025-06-23 11:59:19 - app - INFO - المنفذ: 5000
2025-06-23 12:02:55 - app - INFO - تم إعداد نظام السجلات - المستوى: DEBUG
2025-06-23 12:02:55 - app - INFO - تم بدء Google Ads AI Platform v1.0.0
2025-06-23 12:02:55 - app - INFO - البيئة: development
2025-06-23 12:02:55 - app - INFO - المنفذ: 5000
2025-06-23 12:02:56 - app - INFO - تم إعداد نظام السجلات - المستوى: DEBUG
2025-06-23 12:02:57 - app - INFO - تم بدء Google Ads AI Platform v1.0.0
2025-06-23 12:02:57 - app - INFO - البيئة: development
2025-06-23 12:02:57 - app - INFO - المنفذ: 5000
2025-06-23 12:17:25 - app - INFO - تم إعداد نظام السجلات - المستوى: DEBUG
2025-06-23 12:17:25 - app - INFO - تم بدء Google Ads AI Platform v1.0.0
2025-06-23 12:17:25 - app - INFO - البيئة: development
2025-06-23 12:17:25 - app - INFO - المنفذ: 5000
2025-06-23 12:17:26 - app - INFO - تم إعداد نظام السجلات - المستوى: DEBUG
2025-06-23 12:17:26 - app - INFO - تم بدء Google Ads AI Platform v1.0.0
2025-06-23 12:17:26 - app - INFO - البيئة: development
2025-06-23 12:17:26 - app - INFO - المنفذ: 5000
2025-06-23 12:37:19 - app - INFO - تم إعداد نظام السجلات - المستوى: DEBUG
2025-06-23 12:37:19 - app - INFO - تم بدء Google Ads AI Platform v1.0.0
2025-06-23 12:37:19 - app - INFO - البيئة: development
2025-06-23 12:37:19 - app - INFO - المنفذ: 5000
2025-06-23 12:38:11 - app - INFO - طلب جديد: GET / من 127.0.0.1
2025-06-23 12:38:11 - app - INFO - استجابة: 200 في 0.001s
2025-06-23 12:38:25 - app - INFO - طلب جديد: GET / من 127.0.0.1
2025-06-23 12:38:25 - app - INFO - استجابة: 200 في 0.002s
2025-06-23 12:38:30 - app - INFO - طلب جديد: GET /api/health من 127.0.0.1
2025-06-23 12:38:32 - app - INFO - استجابة: 200 في 1.516s
2025-06-23 12:38:37 - app - INFO - طلب جديد: GET /api/test/database من 127.0.0.1
2025-06-23 12:38:37 - app - ERROR - خطأ في اختبار قاعدة البيانات: 'DatabaseManager' object has no attribute 'test_connection'
2025-06-23 12:38:37 - app - INFO - استجابة: 500 في 0.002s
2025-06-23 12:38:42 - app - INFO - طلب جديد: GET /api/test/database من 127.0.0.1
2025-06-23 12:38:42 - app - ERROR - خطأ في اختبار قاعدة البيانات: 'DatabaseManager' object has no attribute 'test_connection'
2025-06-23 12:38:42 - app - INFO - استجابة: 500 في 0.002s
2025-06-23 12:38:52 - app - INFO - طلب جديد: GET /api/info/system من 127.0.0.1
2025-06-23 12:38:52 - app - ERROR - خطأ غير متوقع: type object 'Flask' has no attribute '__version__'
2025-06-23 12:38:52 - app - ERROR - Traceback (most recent call last):
  File "C:\Users\DELL\my-site\backend\venv\Lib\site-packages\flask\app.py", line 1484, in full_dispatch_request
    rv = self.dispatch_request()
  File "C:\Users\DELL\my-site\backend\venv\Lib\site-packages\flask\app.py", line 1469, in dispatch_request
    return self.ensure_sync(self.view_functions[rule.endpoint])(**view_args)
           ~~~~~~~~~~~~~~~~~~~~~~~~~~~~~~~~~~~~~~~~~~~~~~~~~~~~^^^^^^^^^^^^^
  File "C:\Users\DELL\my-site\backend\app.py", line 311, in get_system_info
    'flask_version': Flask.__version__,
                     ^^^^^^^^^^^^^^^^^
AttributeError: type object 'Flask' has no attribute '__version__'

2025-06-23 12:38:52 - app - INFO - استجابة: 500 في 0.009s
2025-06-23 12:39:03 - app - INFO - طلب جديد: GET /api/health من 127.0.0.1
2025-06-23 12:39:03 - app - INFO - استجابة: 200 في 0.393s
2025-06-23 12:39:14 - app - INFO - طلب جديد: GET / من 127.0.0.1
2025-06-23 12:39:14 - app - INFO - استجابة: 200 في 0.001s
2025-06-23 12:42:34 - app - INFO - تم إعداد نظام السجلات - المستوى: DEBUG
2025-06-23 12:42:34 - app - INFO - تم بدء Google Ads AI Platform v1.0.0
2025-06-23 12:42:34 - app - INFO - البيئة: development
2025-06-23 12:42:34 - app - INFO - المنفذ: 5000
2025-06-23 12:42:46 - app - INFO - طلب جديد: GET / من 127.0.0.1
2025-06-23 12:42:46 - app - INFO - استجابة: 200 في 0.001s
2025-06-23 12:43:05 - app - INFO - طلب جديد: GET /api/test/database من 127.0.0.1
2025-06-23 12:43:07 - app - INFO - استجابة: 200 في 1.290s
2025-06-23 12:43:31 - app - INFO - طلب جديد: GET /api/info/system من 127.0.0.1
2025-06-23 12:43:31 - app - ERROR - خطأ غير متوقع: type object 'Flask' has no attribute '__version__'
2025-06-23 12:43:31 - app - ERROR - Traceback (most recent call last):
  File "C:\Users\DELL\my-site\backend\venv\Lib\site-packages\flask\app.py", line 1484, in full_dispatch_request
    rv = self.dispatch_request()
  File "C:\Users\DELL\my-site\backend\venv\Lib\site-packages\flask\app.py", line 1469, in dispatch_request
    return self.ensure_sync(self.view_functions[rule.endpoint])(**view_args)
           ~~~~~~~~~~~~~~~~~~~~~~~~~~~~~~~~~~~~~~~~~~~~~~~~~~~~^^^^^^^^^^^^^
  File "C:\Users\DELL\my-site\backend\app.py", line 311, in get_system_info
    'flask_version': Flask.__version__,
                     ^^^^^^^^^^^^^^^^^
AttributeError: type object 'Flask' has no attribute '__version__'

2025-06-23 12:43:31 - app - INFO - استجابة: 500 في 0.008s
2025-06-23 12:43:42 - app - INFO - طلب جديد: GET /api/test/database من 127.0.0.1
2025-06-23 12:43:42 - app - INFO - استجابة: 200 في 0.445s
2025-06-23 12:43:49 - app - INFO - طلب جديد: GET /api/health من 127.0.0.1
2025-06-23 12:43:50 - app - INFO - استجابة: 200 في 0.364s
2025-06-23 12:43:57 - app - INFO - طلب جديد: GET / من 127.0.0.1
2025-06-23 12:43:57 - app - INFO - استجابة: 200 في 0.001s
2025-06-23 12:48:39 - app - INFO - طلب جديد: GET /api/health من 127.0.0.1
2025-06-23 12:48:41 - app - INFO - استجابة: 200 في 1.470s
2025-06-23 12:48:53 - app - INFO - طلب جديد: GET / من 127.0.0.1
2025-06-23 12:48:53 - app - INFO - استجابة: 200 في 0.001s
2025-06-23 12:49:09 - app - INFO - طلب جديد: GET /api/info/system من 127.0.0.1
2025-06-23 12:49:09 - app - ERROR - خطأ غير متوقع: type object 'Flask' has no attribute '__version__'
2025-06-23 12:49:09 - app - ERROR - Traceback (most recent call last):
  File "C:\Users\DELL\my-site\backend\venv\Lib\site-packages\flask\app.py", line 1484, in full_dispatch_request
    rv = self.dispatch_request()
  File "C:\Users\DELL\my-site\backend\venv\Lib\site-packages\flask\app.py", line 1469, in dispatch_request
    return self.ensure_sync(self.view_functions[rule.endpoint])(**view_args)
           ~~~~~~~~~~~~~~~~~~~~~~~~~~~~~~~~~~~~~~~~~~~~~~~~~~~~^^^^^^^^^^^^^
  File "C:\Users\DELL\my-site\backend\app.py", line 311, in get_system_info
    'error': str(e),
    
AttributeError: type object 'Flask' has no attribute '__version__'

2025-06-23 12:49:09 - app - INFO - استجابة: 500 في 0.036s
2025-06-23 12:49:25 - app - INFO - طلب جديد: GET /api/test/database من 127.0.0.1
2025-06-23 12:49:26 - app - INFO - استجابة: 200 في 0.780s
